0 info it worked if it ends with ok
1 verbose cli [ '/usr/bin/node', '/usr/bin/npm', 'uninstall', 'html2canvas' ]
2 info using npm@3.5.2
3 info using node@v8.10.0
4 silly loadCurrentTree Starting
5 silly install loadCurrentTree
6 silly install readLocalPackageData
7 silly install normalizeTree
8 silly loadCurrentTree Finishing
9 silly loadIdealTree Starting
10 silly install loadIdealTree
11 silly cloneCurrentTree Starting
12 silly install cloneCurrentTreeToIdealTree
13 silly cloneCurrentTree Finishing
14 silly loadShrinkwrap Starting
15 silly install loadShrinkwrap
16 silly loadShrinkwrap Finishing
17 silly loadAllDepsIntoIdealTree Starting
18 silly uninstall loadAllDepsIntoIdealtree
19 silly loadAllDepsIntoIdealTree Finishing
20 silly idealTree:prePrune etch-a-sketch@1.0.0
20 silly idealTree:prePrune ├── base64-arraybuffer
20 silly idealTree:prePrune ├── css-line-break
20 silly idealTree:prePrune ├── dom-to-image@2.6.0
20 silly idealTree:prePrune └── promise-polyfill@8.1.0
21 silly loadIdealTree Finishing
22 silly currentTree etch-a-sketch@1.0.0
22 silly currentTree ├── base64-arraybuffer
22 silly currentTree ├── css-line-break
22 silly currentTree ├── dom-to-image@2.6.0
22 silly currentTree ├── html2canvas@1.0.0-alpha.12
22 silly currentTree └── promise-polyfill@8.1.0
23 silly idealTree etch-a-sketch@1.0.0
23 silly idealTree ├── base64-arraybuffer
23 silly idealTree ├── css-line-break
23 silly idealTree ├── dom-to-image@2.6.0
23 silly idealTree └── promise-polyfill@8.1.0
24 silly generateActionsToTake Starting
25 silly install generateActionsToTake
26 warn checkPermissions Missing write access to /home/lazy/Projects/etch_a_sketch/etch-a-sketch/node_modules/dom-to-image
27 warn checkPermissions Missing write access to /home/lazy/Projects/etch_a_sketch/etch-a-sketch/node_modules/html2canvas
28 warn checkPermissions Missing write access to /home/lazy/Projects/etch_a_sketch/etch-a-sketch/node_modules/promise-polyfill
29 silly rollbackFailedOptional Starting
30 silly rollbackFailedOptional Finishing
31 silly runTopLevelLifecycles Starting
32 silly runTopLevelLifecycles Finishing
33 silly install printInstalled
34 warn enoent ENOENT: no such file or directory, open '/home/lazy/Projects/etch_a_sketch/etch-a-sketch/node_modules/base64-arraybuffer/package.json'
35 warn enoent ENOENT: no such file or directory, open '/home/lazy/Projects/etch_a_sketch/etch-a-sketch/node_modules/css-line-break/package.json'
36 verbose stack Error: EACCES: permission denied, access '/home/lazy/Projects/etch_a_sketch/etch-a-sketch/node_modules/dom-to-image'
37 verbose cwd /home/lazy/Projects/etch_a_sketch/etch-a-sketch
38 error Linux 4.15.0-42-generic
39 error argv "/usr/bin/node" "/usr/bin/npm" "uninstall" "html2canvas"
40 error node v8.10.0
41 error npm  v3.5.2
42 error path /home/lazy/Projects/etch_a_sketch/etch-a-sketch/node_modules/dom-to-image
43 error code EACCES
44 error errno -13
45 error syscall access
46 error Error: EACCES: permission denied, access '/home/lazy/Projects/etch_a_sketch/etch-a-sketch/node_modules/dom-to-image'
46 error  { Error: EACCES: permission denied, access '/home/lazy/Projects/etch_a_sketch/etch-a-sketch/node_modules/dom-to-image'
46 error   errno: -13,
46 error   code: 'EACCES',
46 error   syscall: 'access',
46 error   path: '/home/lazy/Projects/etch_a_sketch/etch-a-sketch/node_modules/dom-to-image' }
47 error Please try running this command again as root/Administrator.
48 verbose exit [ -13, true ]
